Performing C++ SOURCE FILE Test HAVE_ISO_STRDUP failed with the following output:
Change Dir: /home/vorobey/ucode/myUtag/build/CMakeFiles/CMakeTmp

Run Build Command(s):/usr/bin/gmake cmTC_f8e6f/fast && /usr/bin/gmake -f CMakeFiles/cmTC_f8e6f.dir/build.make CMakeFiles/cmTC_f8e6f.dir/build
gmake[1]: вход в каталог «/home/vorobey/ucode/myUtag/build/CMakeFiles/CMakeTmp»
Building CXX object CMakeFiles/cmTC_f8e6f.dir/src.cxx.o
/usr/bin/c++    -Wall -DHAVE_ISO_STRDUP   -o CMakeFiles/cmTC_f8e6f.dir/src.cxx.o -c /home/vorobey/ucode/myUtag/build/CMakeFiles/CMakeTmp/src.cxx
/home/vorobey/ucode/myUtag/build/CMakeFiles/CMakeTmp/src.cxx: In function ‘int main()’:
/home/vorobey/ucode/myUtag/build/CMakeFiles/CMakeTmp/src.cxx:4:5: error: ‘_strdup’ was not declared in this scope; did you mean ‘strdup’?
    4 |     _strdup(0);
      |     ^~~~~~~
      |     strdup
gmake[1]: *** [CMakeFiles/cmTC_f8e6f.dir/build.make:66: CMakeFiles/cmTC_f8e6f.dir/src.cxx.o] Ошибка 1
gmake[1]: выход из каталога «/home/vorobey/ucode/myUtag/build/CMakeFiles/CMakeTmp»
gmake: *** [Makefile:121: cmTC_f8e6f/fast] Ошибка 2


Source file was:

  #include <cstring>
  int main() {
    _strdup(0);
    return 0;
  }

Determining if the function __RTTI___ exists in the Crun failed with the following output:
Change Dir: /home/vorobey/ucode/myUtag/build/CMakeFiles/CMakeTmp

Run Build Command(s):/usr/bin/gmake cmTC_802f2/fast && /usr/bin/gmake -f CMakeFiles/cmTC_802f2.dir/build.make CMakeFiles/cmTC_802f2.dir/build
gmake[1]: вход в каталог «/home/vorobey/ucode/myUtag/build/CMakeFiles/CMakeTmp»
Building C object CMakeFiles/cmTC_802f2.dir/CheckFunctionExists.c.o
/usr/bin/cc   -Wall -DCHECK_FUNCTION_EXISTS=__RTTI___   -o CMakeFiles/cmTC_802f2.dir/CheckFunctionExists.c.o   -c /usr/share/cmake-3.16/Modules/CheckFunctionExists.c
Linking C executable cmTC_802f2
/usr/bin/cmake -E cmake_link_script CMakeFiles/cmTC_802f2.dir/link.txt --verbose=1
/usr/bin/cc  -Wall -DCHECK_FUNCTION_EXISTS=__RTTI___    -rdynamic CMakeFiles/cmTC_802f2.dir/CheckFunctionExists.c.o  -o cmTC_802f2  -lCrun 
/usr/bin/ld: невозможно найти -lCrun
collect2: error: ld returned 1 exit status
gmake[1]: *** [CMakeFiles/cmTC_802f2.dir/build.make:87: cmTC_802f2] Ошибка 1
gmake[1]: выход из каталога «/home/vorobey/ucode/myUtag/build/CMakeFiles/CMakeTmp»
gmake: *** [Makefile:121: cmTC_802f2/fast] Ошибка 2



